[debug] [2021-06-28T05:24:46.297Z] ----------------------------------------------------------------------
[debug] [2021-06-28T05:24:46.299Z] Command:       /usr/local/bin/node /usr/local/bin/firebase login
[debug] [2021-06-28T05:24:46.300Z] CLI Version:   9.14.0
[debug] [2021-06-28T05:24:46.300Z] Platform:      linux
[debug] [2021-06-28T05:24:46.300Z] Node Version:  v14.17.1
[debug] [2021-06-28T05:24:46.300Z] Time:          Mon Jun 28 2021 14:24:46 GMT+0900 (Japan Standard Time)
[debug] [2021-06-28T05:24:46.300Z] ----------------------------------------------------------------------
[debug] 
[debug] [2021-06-28T05:24:46.302Z] >>> [apiv2][query] GET https://firebase-public.firebaseio.com/cli.json [none]
[info] i  Firebase optionally collects CLI usage and error reporting information to help improve our products. Data is collected in accordance with Google's privacy policy (https://policies.google.com/privacy) and is not used to identify you.
 
[debug] [2021-06-28T05:24:46.793Z] <<< [apiv2][status] GET https://firebase-public.firebaseio.com/cli.json 200
[debug] [2021-06-28T05:24:46.794Z] <<< [apiv2][body] GET https://firebase-public.firebaseio.com/cli.json {"cloudBuildErrorAfter":1594252800000,"cloudBuildWarnAfter":1590019200000,"defaultNode10After":1594252800000,"minVersion":"3.0.5","node8DeploysDisabledAfter":1613390400000,"node8RuntimeDisabledAfter":1615809600000,"node8WarnAfter":1600128000000}
[info] i  To change your data collection preference at any time, run `firebase logout` and log in again. 
[info] 
[info] Visit this URL on this device to log in:
[info] https://accounts.google.com/o/oauth2/auth?client_id=563584335869-fgrhgmd47bqnekij5i8b5pr03ho849e6.apps.googleusercontent.com&scope=email%20openid%20https%3A%2F%2Fwww.googleapis.com%2Fauth%2Fcloudplatformprojects.readonly%20https%3A%2F%2Fwww.googleapis.com%2Fauth%2Ffirebase%20https%3A%2F%2Fwww.googleapis.com%2Fauth%2Fcloud-platform&response_type=code&state=892428646&redirect_uri=http%3A%2F%2Flocalhost%3A9005
[info] 
[info] Waiting for authentication...
[debug] [2021-06-28T05:25:01.233Z] ----------------------------------------------------------------------
[debug] [2021-06-28T05:25:01.235Z] Command:       /usr/local/bin/node /usr/local/bin/firebase login
[debug] [2021-06-28T05:25:01.235Z] CLI Version:   9.14.0
[debug] [2021-06-28T05:25:01.235Z] Platform:      linux
[debug] [2021-06-28T05:25:01.235Z] Node Version:  v14.17.1
[debug] [2021-06-28T05:25:01.236Z] Time:          Mon Jun 28 2021 14:25:01 GMT+0900 (Japan Standard Time)
[debug] [2021-06-28T05:25:01.236Z] ----------------------------------------------------------------------
[debug] 
[info] i  Firebase optionally collects CLI usage and error reporting information to help improve our products. Data is collected in accordance with Google's privacy policy (https://policies.google.com/privacy) and is not used to identify you.
 
[info] i  To change your data collection preference at any time, run `firebase logout` and log in again. 
[info] 
[info] Visit this URL on this device to log in:
[info] https://accounts.google.com/o/oauth2/auth?client_id=563584335869-fgrhgmd47bqnekij5i8b5pr03ho849e6.apps.googleusercontent.com&scope=email%20openid%20https%3A%2F%2Fwww.googleapis.com%2Fauth%2Fcloudplatformprojects.readonly%20https%3A%2F%2Fwww.googleapis.com%2Fauth%2Ffirebase%20https%3A%2F%2Fwww.googleapis.com%2Fauth%2Fcloud-platform&response_type=code&state=897660824&redirect_uri=http%3A%2F%2Flocalhost%3A9005
[info] 
[info] Waiting for authentication...
